<?xml version="1.0" encoding="UTF-8"?>
<testng-results ignored="0" total="1" passed="1" failed="0" skipped="0">
  <reporter-output>
  </reporter-output>
  <suite started-at="2026-06-17T13:01:47 IST" name="Default suite" finished-at="2026-06-17T13:01:51 IST" duration-ms="4332">
    <groups>
    </groups>
    <test started-at="2026-06-17T13:01:47 IST" name="Default test" finished-at="2026-06-17T13:01:51 IST" duration-ms="4332">
      <class name="ScripttoRunFromJenkins">
        <test-method signature="jenkinsDemo()[pri:0, instance:ScripttoRunFromJenkins@397fbdb]" started-at="2026-06-17T13:01:47 IST" name="jenkinsDemo" finished-at="2026-06-17T13:01:51 IST" duration-ms="4263" status="PASS">
          <reporter-output>
          </reporter-output>
        </test-method> <!-- jenkinsDemo -->
      </class> <!-- ScripttoRunFromJenkins -->
    </test> <!-- Default test -->
  </suite> <!-- Default suite -->
</testng-results>
